<!DOCTYPE HTML PUBLIC "-//W3C//DTD HTML 4.01//EN" "http://www.w3.org/TR/html4/strict.dtd">
<html>
<head>
<meta httpEquiv="Content-Type" content="text/html; charset=utf-8"/>
<title>Test results - Class com.scuilion.gradle.plugins.init.PluginTest</title>
<link href="base-style.css" rel="stylesheet" type="text/css"/>
<link href="style.css" rel="stylesheet" type="text/css"/>
<script src="report.js" type="text/javascript"></script>
</head>
<body>
<div id="content">
<h1>Class com.scuilion.gradle.plugins.init.PluginTest</h1>
<div class="breadcrumbs">
<a href="index.html">all</a> &gt; 
<a href="com.scuilion.gradle.plugins.init.html">com.scuilion.gradle.plugins.init</a> &gt; PluginTest</div>
<div id="summary">
<table>
<tr>
<td>
<div class="summaryGroup">
<table>
<tr>
<td>
<div class="infoBox" id="tests">
<div class="counter">1</div>
<p>tests</p>
</div>
</td>
<td>
<div class="infoBox" id="failures">
<div class="counter">1</div>
<p>failures</p>
</div>
</td>
<td>
<div class="infoBox" id="duration">
<div class="counter">3.754s</div>
<p>duration</p>
</div>
</td>
</tr>
</table>
</div>
</td>
<td>
<div class="infoBox failures" id="successRate">
<div class="percent">0%</div>
<p>successful</p>
</div>
</td>
</tr>
</table>
</div>
<div id="tabs">
<ul class="tabLinks">
<li>
<a href="#tab0">Failed tests</a>
</li>
<li>
<a href="#tab1">Tests</a>
</li>
<li>
<a href="#tab2">Standard output</a>
</li>
<li>
<a href="#tab3">Standard error</a>
</li>
</ul>
<div id="tab0" class="tab">
<h2>Failed tests</h2>
<div class="test">
<a name="checkRun"></a>
<h3 class="failures">checkRun</h3>
<span class="code">
<pre>org.gradle.tooling.GradleConnectionException: Build execution failed.
	at sun.reflect.NativeConstructorAccessorImpl.newInstance0(Native Method)
	at sun.reflect.NativeConstructorAccessorImpl.newInstance(NativeConstructorAccessorImpl.java:57)
	at sun.reflect.DelegatingConstructorAccessorImpl.newInstance(DelegatingConstructorAccessorImpl.java:45)
	at java.lang.reflect.Constructor.newInstance(Constructor.java:526)
	at org.codehaus.groovy.reflection.CachedConstructor.invoke(CachedConstructor.java:77)
	at org.codehaus.groovy.runtime.callsite.ConstructorSite$ConstructorSiteNoUnwrapNoCoerce.callConstructor(ConstructorSite.java:102)
	at org.codehaus.groovy.runtime.callsite.CallSiteArray.defaultCallConstructor(CallSiteArray.java:54)
	at org.codehaus.groovy.runtime.callsite.AbstractCallSite.callConstructor(AbstractCallSite.java:182)
	at org.codehaus.groovy.runtime.callsite.AbstractCallSite.callConstructor(AbstractCallSite.java:194)
	at com.scuilion.gradle.plugins.init.PluginTest.checkRun(PluginTest.groovy:23)
	at sun.reflect.NativeMethodAccessorImpl.invoke0(Native Method)
	at sun.reflect.NativeMethodAccessorImpl.invoke(NativeMethodAccessorImpl.java:57)
	at sun.reflect.DelegatingMethodAccessorImpl.invoke(DelegatingMethodAccessorImpl.java:43)
	at java.lang.reflect.Method.invoke(Method.java:606)
	at org.junit.runners.model.FrameworkMethod$1.runReflectiveCall(FrameworkMethod.java:47)
	at org.junit.internal.runners.model.ReflectiveCallable.run(ReflectiveCallable.java:12)
	at org.junit.runners.model.FrameworkMethod.invokeExplosively(FrameworkMethod.java:44)
	at org.junit.internal.runners.statements.InvokeMethod.evaluate(InvokeMethod.java:17)
	at org.junit.runners.ParentRunner.runLeaf(ParentRunner.java:271)
	at org.junit.runners.BlockJUnit4ClassRunner.runChild(BlockJUnit4ClassRunner.java:70)
	at org.junit.runners.BlockJUnit4ClassRunner.runChild(BlockJUnit4ClassRunner.java:50)
	at org.junit.runners.ParentRunner$3.run(ParentRunner.java:238)
	at org.junit.runners.ParentRunner$1.schedule(ParentRunner.java:63)
	at org.junit.runners.ParentRunner.runChildren(ParentRunner.java:236)
	at org.junit.runners.ParentRunner.access$000(ParentRunner.java:53)
	at org.junit.runners.ParentRunner$2.evaluate(ParentRunner.java:229)
	at org.junit.runners.ParentRunner.run(ParentRunner.java:309)
	at org.gradle.api.internal.tasks.testing.junit.JUnitTestClassExecuter.runTestClass(JUnitTestClassExecuter.java:80)
	at org.gradle.api.internal.tasks.testing.junit.JUnitTestClassExecuter.execute(JUnitTestClassExecuter.java:47)
	at org.gradle.api.internal.tasks.testing.junit.JUnitTestClassProcessor.processTestClass(JUnitTestClassProcessor.java:69)
	at org.gradle.api.internal.tasks.testing.SuiteTestClassProcessor.processTestClass(SuiteTestClassProcessor.java:49)
	at sun.reflect.NativeMethodAccessorImpl.invoke0(Native Method)
	at sun.reflect.NativeMethodAccessorImpl.invoke(NativeMethodAccessorImpl.java:57)
	at sun.reflect.DelegatingMethodAccessorImpl.invoke(DelegatingMethodAccessorImpl.java:43)
	at java.lang.reflect.Method.invoke(Method.java:606)
	at org.gradle.messaging.dispatch.ReflectionDispatch.dispatch(ReflectionDispatch.java:35)
	at org.gradle.messaging.dispatch.ReflectionDispatch.dispatch(ReflectionDispatch.java:24)
	at org.gradle.messaging.dispatch.ContextClassLoaderDispatch.dispatch(ContextClassLoaderDispatch.java:32)
	at org.gradle.messaging.dispatch.ProxyDispatchAdapter$DispatchingInvocationHandler.invoke(ProxyDispatchAdapter.java:93)
	at com.sun.proxy.$Proxy2.processTestClass(Unknown Source)
	at org.gradle.api.internal.tasks.testing.worker.TestWorker.processTestClass(TestWorker.java:103)
	at sun.reflect.NativeMethodAccessorImpl.invoke0(Native Method)
	at sun.reflect.NativeMethodAccessorImpl.invoke(NativeMethodAccessorImpl.java:57)
	at sun.reflect.DelegatingMethodAccessorImpl.invoke(DelegatingMethodAccessorImpl.java:43)
	at java.lang.reflect.Method.invoke(Method.java:606)
	at org.gradle.messaging.dispatch.ReflectionDispatch.dispatch(ReflectionDispatch.java:35)
	at org.gradle.messaging.dispatch.ReflectionDispatch.dispatch(ReflectionDispatch.java:24)
	at org.gradle.messaging.remote.internal.hub.MessageHub$Handler.run(MessageHub.java:355)
	at org.gradle.internal.concurrent.DefaultExecutorFactory$StoppableExecutorImpl$1.run(DefaultExecutorFactory.java:66)
	at java.util.concurrent.ThreadPoolExecutor.runWorker(ThreadPoolExecutor.java:1145)
	at java.util.concurrent.ThreadPoolExecutor$Worker.run(ThreadPoolExecutor.java:615)
	at java.lang.Thread.run(Thread.java:724)
Caused by: org.gradle.tooling.BuildException: Could not execute build using Gradle distribution 'http://services.gradle.org/distributions/gradle-1.7-bin.zip'.
	at org.gradle.tooling.internal.consumer.ResultHandlerAdapter.onFailure(ResultHandlerAdapter.java:55)
	at org.gradle.tooling.internal.consumer.async.DefaultAsyncConnection$2.run(DefaultAsyncConnection.java:71)
	at org.gradle.internal.concurrent.DefaultExecutorFactory$StoppableExecutorImpl$1.run(DefaultExecutorFactory.java:66)
	at java.util.concurrent.ThreadPoolExecutor.runWorker(ThreadPoolExecutor.java:1145)
	at java.util.concurrent.ThreadPoolExecutor$Worker.run(ThreadPoolExecutor.java:615)
	at java.lang.Thread.run(Thread.java:724)
	at org.gradle.tooling.internal.consumer.BlockingResultHandler.getResult(BlockingResultHandler.java:46)
	at org.gradle.tooling.internal.consumer.DefaultBuildLauncher.run(DefaultBuildLauncher.java:100)
	at org.gradle.tooling.BuildLauncher$run.call(Unknown Source)
	at org.codehaus.groovy.runtime.callsite.CallSiteArray.defaultCall(CallSiteArray.java:42)
	at org.codehaus.groovy.runtime.callsite.AbstractCallSite.call(AbstractCallSite.java:108)
	at org.codehaus.groovy.runtime.callsite.AbstractCallSite.call(AbstractCallSite.java:112)
	at com.scuilion.gradle.plugins.init.PluginTest.checkRun(PluginTest.groovy:21)
	... 42 more
Caused by: org.gradle.api.internal.LocationAwareException: A problem occurred configuring root project 'buier'.
	at org.gradle.initialization.DefaultExceptionAnalyser.transform(DefaultExceptionAnalyser.java:85)
	at org.gradle.initialization.MultipleBuildFailuresExceptionAnalyser.transform(MultipleBuildFailuresExceptionAnalyser.java:47)
	at org.gradle.initialization.DefaultGradleLauncher.doBuild(DefaultGradleLauncher.java:115)
	at org.gradle.initialization.DefaultGradleLauncher.run(DefaultGradleLauncher.java:81)
	at org.gradle.launcher.exec.InProcessBuildActionExecuter$DefaultBuildController.run(InProcessBuildActionExecuter.java:64)
	at org.gradle.tooling.internal.provider.BuildModelAction.run(BuildModelAction.java:51)
	at org.gradle.tooling.internal.provider.BuildModelAction.run(BuildModelAction.java:32)
	at org.gradle.tooling.internal.provider.ConfiguringBuildAction.run(ConfiguringBuildAction.java:108)
	at org.gradle.launcher.exec.InProcessBuildActionExecuter.execute(InProcessBuildActionExecuter.java:35)
	at org.gradle.launcher.daemon.server.exec.ExecuteBuild.doBuild(ExecuteBuild.java:45)
	at org.gradle.launcher.daemon.server.exec.BuildCommandOnly.execute(BuildCommandOnly.java:34)
	at org.gradle.launcher.daemon.server.exec.DaemonCommandExecution.proceed(DaemonCommandExecution.java:125)
	at org.gradle.launcher.daemon.server.exec.WatchForDisconnection.execute(WatchForDisconnection.java:42)
	at org.gradle.launcher.daemon.server.exec.DaemonCommandExecution.proceed(DaemonCommandExecution.java:125)
	at org.gradle.launcher.daemon.server.exec.ResetDeprecationLogger.execute(ResetDeprecationLogger.java:24)
	at org.gradle.launcher.daemon.server.exec.DaemonCommandExecution.proceed(DaemonCommandExecution.java:125)
	at org.gradle.launcher.daemon.server.exec.StartStopIfBuildAndStop.execute(StartStopIfBuildAndStop.java:33)
	at org.gradle.launcher.daemon.server.exec.DaemonCommandExecution.proceed(DaemonCommandExecution.java:125)
	at org.gradle.launcher.daemon.server.exec.ReturnResult.execute(ReturnResult.java:34)
	at org.gradle.launcher.daemon.server.exec.DaemonCommandExecution.proceed(DaemonCommandExecution.java:125)
	at org.gradle.launcher.daemon.server.exec.ForwardClientInput$2.call(ForwardClientInput.java:70)
	at org.gradle.launcher.daemon.server.exec.ForwardClientInput$2.call(ForwardClientInput.java:68)
	at org.gradle.util.Swapper.swap(Swapper.java:38)
	at org.gradle.launcher.daemon.server.exec.ForwardClientInput.execute(ForwardClientInput.java:68)
	at org.gradle.launcher.daemon.server.exec.DaemonCommandExecution.proceed(DaemonCommandExecution.java:125)
	at org.gradle.launcher.daemon.server.exec.LogToClient.doBuild(LogToClient.java:60)
	at org.gradle.launcher.daemon.server.exec.BuildCommandOnly.execute(BuildCommandOnly.java:34)
	at org.gradle.launcher.daemon.server.exec.DaemonCommandExecution.proceed(DaemonCommandExecution.java:125)
	at org.gradle.launcher.daemon.server.exec.EstablishBuildEnvironment.doBuild(EstablishBuildEnvironment.java:59)
	at org.gradle.launcher.daemon.server.exec.BuildCommandOnly.execute(BuildCommandOnly.java:34)
	at org.gradle.launcher.daemon.server.exec.DaemonCommandExecution.proceed(DaemonCommandExecution.java:125)
	at org.gradle.launcher.daemon.server.exec.StartBuildOrRespondWithBusy$1.run(StartBuildOrRespondWithBusy.java:45)
	at org.gradle.launcher.daemon.server.DaemonStateCoordinator.runCommand(DaemonStateCoordinator.java:186)
	at org.gradle.launcher.daemon.server.exec.StartBuildOrRespondWithBusy.doBuild(StartBuildOrRespondWithBusy.java:49)
	at org.gradle.launcher.daemon.server.exec.BuildCommandOnly.execute(BuildCommandOnly.java:34)
	at org.gradle.launcher.daemon.server.exec.DaemonCommandExecution.proceed(DaemonCommandExecution.java:125)
	at org.gradle.launcher.daemon.server.exec.HandleStop.execute(HandleStop.java:36)
	at org.gradle.launcher.daemon.server.exec.DaemonCommandExecution.proceed(DaemonCommandExecution.java:125)
	at org.gradle.launcher.daemon.server.exec.CatchAndForwardDaemonFailure.execute(CatchAndForwardDaemonFailure.java:32)
	at org.gradle.launcher.daemon.server.exec.DaemonCommandExecution.proceed(DaemonCommandExecution.java:125)
	at org.gradle.launcher.daemon.server.exec.DefaultDaemonCommandExecuter.executeCommand(DefaultDaemonCommandExecuter.java:48)
	at org.gradle.launcher.daemon.server.DefaultIncomingConnectionHandler$ConnectionWorker.handleCommand(DefaultIncomingConnectionHandler.java:155)
	at org.gradle.launcher.daemon.server.DefaultIncomingConnectionHandler$ConnectionWorker.receiveAndHandleCommand(DefaultIncomingConnectionHandler.java:128)
	at org.gradle.launcher.daemon.server.DefaultIncomingConnectionHandler$ConnectionWorker.run(DefaultIncomingConnectionHandler.java:116)
	... 4 more
Caused by: org.gradle.api.ProjectConfigurationException: A problem occurred configuring root project 'buier'.
	at org.gradle.configuration.project.LifecycleProjectEvaluator.addConfigurationFailure(LifecycleProjectEvaluator.java:79)
	at org.gradle.configuration.project.LifecycleProjectEvaluator.evaluate(LifecycleProjectEvaluator.java:57)
	at org.gradle.api.internal.project.AbstractProject.evaluate(AbstractProject.java:469)
	at org.gradle.api.internal.project.AbstractProject.evaluate(AbstractProject.java:77)
	at org.gradle.configuration.DefaultBuildConfigurer.configure(DefaultBuildConfigurer.java:31)
	at org.gradle.initialization.DefaultGradleLauncher.doBuildStages(DefaultGradleLauncher.java:142)
	at org.gradle.initialization.DefaultGradleLauncher.doBuild(DefaultGradleLauncher.java:113)
	... 45 more
Caused by: org.gradle.api.artifacts.ResolveException: Could not resolve all dependencies for configuration ':classpath'.
	at org.gradle.api.internal.artifacts.ivyservice.DefaultLenientConfiguration.rethrowFailure(DefaultLenientConfiguration.java:55)
	at org.gradle.api.internal.artifacts.ivyservice.DefaultResolvedConfiguration.rethrowFailure(DefaultResolvedConfiguration.java:36)
	at org.gradle.api.internal.artifacts.ivyservice.SelfResolvingDependencyResolver$FilesAggregatingResolvedConfiguration.rethrowFailure(SelfResolvingDependencyResolver.java:106)
	at org.gradle.api.internal.artifacts.ivyservice.ErrorHandlingArtifactDependencyResolver$ErrorHandlingResolvedConfiguration.rethrowFailure(ErrorHandlingArtifactDependencyResolver.java:74)
	at org.gradle.api.internal.artifacts.configurations.DefaultConfiguration$ConfigurationFileCollection.getFiles(DefaultConfiguration.java:461)
	at org.gradle.api.internal.artifacts.configurations.DefaultConfiguration.getFiles(DefaultConfiguration.java:202)
	at org.gradle.api.internal.artifacts.configurations.DefaultConfiguration_Decorated.getFiles(Unknown Source)
	at org.gradle.api.internal.initialization.DefaultScriptHandler.updateClassPath(DefaultScriptHandler.java:36)
	at org.gradle.configuration.DefaultScriptPluginFactory$ScriptPluginImpl.apply(DefaultScriptPluginFactory.java:122)
	at org.gradle.configuration.project.BuildScriptProcessor.execute(BuildScriptProcessor.java:38)
	at org.gradle.configuration.project.BuildScriptProcessor.execute(BuildScriptProcessor.java:25)
	at org.gradle.configuration.project.ConfigureActionsProjectEvaluator.evaluate(ConfigureActionsProjectEvaluator.java:34)
	at org.gradle.configuration.project.LifecycleProjectEvaluator.evaluate(LifecycleProjectEvaluator.java:55)
	... 50 more
Caused by: org.gradle.api.internal.artifacts.ivyservice.ModuleVersionNotFoundException: Could not find buildings:myMavenName:1.0.
Required by:
    :buier:unspecified
	at org.gradle.api.internal.artifacts.ivyservice.ivyresolve.LazyDependencyToModuleResolver$StaticVersionResolveResult.notFound(LazyDependencyToModuleResolver.java:148)
	at org.gradle.api.internal.artifacts.ivyservice.ivyresolve.LazyDependencyToModuleResolver$AbstractVersionResolveResult.resolve(LazyDependencyToModuleResolver.java:89)
	at org.gradle.api.internal.artifacts.ivyservice.resolveengine.DependencyGraphBuilder$ModuleVersionResolveState.resolve(DependencyGraphBuilder.java:644)
	at org.gradle.api.internal.artifacts.ivyservice.resolveengine.DependencyGraphBuilder$ModuleVersionResolveState.getMetaData(DependencyGraphBuilder.java:655)
	at org.gradle.api.internal.artifacts.ivyservice.resolveengine.DependencyGraphBuilder$DependencyEdge.calculateTargetConfigurations(DependencyGraphBuilder.java:336)
	at org.gradle.api.internal.artifacts.ivyservice.resolveengine.DependencyGraphBuilder$DependencyEdge.attachToTargetConfigurations(DependencyGraphBuilder.java:312)
	at org.gradle.api.internal.artifacts.ivyservice.resolveengine.DependencyGraphBuilder.traverseGraph(DependencyGraphBuilder.java:132)
	at org.gradle.api.internal.artifacts.ivyservice.resolveengine.DependencyGraphBuilder.resolve(DependencyGraphBuilder.java:69)
	at org.gradle.api.internal.artifacts.ivyservice.resolveengine.DefaultDependencyResolver.resolve(DefaultDependencyResolver.java:76)
	at org.gradle.api.internal.artifacts.ivyservice.CacheLockingArtifactDependencyResolver$1.create(CacheLockingArtifactDependencyResolver.java:39)
	at org.gradle.api.internal.artifacts.ivyservice.CacheLockingArtifactDependencyResolver$1.create(CacheLockingArtifactDependencyResolver.java:37)
	at org.gradle.cache.internal.DefaultCacheAccess.useCache(DefaultCacheAccess.java:143)
	at org.gradle.cache.internal.DefaultPersistentDirectoryStore.useCache(DefaultPersistentDirectoryStore.java:130)
	at org.gradle.api.internal.artifacts.ivyservice.DefaultCacheLockingManager.useCache(DefaultCacheLockingManager.java:54)
	at org.gradle.api.internal.artifacts.ivyservice.CacheLockingArtifactDependencyResolver.resolve(CacheLockingArtifactDependencyResolver.java:37)
	at org.gradle.api.internal.artifacts.ivyservice.SelfResolvingDependencyResolver.resolve(SelfResolvingDependencyResolver.java:41)
	at org.gradle.api.internal.artifacts.ivyservice.ShortcircuitEmptyConfigsArtifactDependencyResolver.resolve(ShortcircuitEmptyConfigsArtifactDependencyResolver.java:46)
	at org.gradle.api.internal.artifacts.ivyservice.ErrorHandlingArtifactDependencyResolver.resolve(ErrorHandlingArtifactDependencyResolver.java:39)
	at org.gradle.api.internal.artifacts.ivyservice.DefaultConfigurationResolver.resolve(DefaultConfigurationResolver.java:42)
	at org.gradle.api.internal.artifacts.configurations.DefaultConfiguration.resolveNow(DefaultConfiguration.java:240)
	at org.gradle.api.internal.artifacts.configurations.DefaultConfiguration.getResolvedConfiguration(DefaultConfiguration.java:230)
	at org.gradle.api.internal.artifacts.configurations.DefaultConfiguration_Decorated.getResolvedConfiguration(Unknown Source)
	at org.gradle.api.internal.artifacts.configurations.DefaultConfiguration$ConfigurationFileCollection.getFiles(DefaultConfiguration.java:459)
	... 58 more
</pre>
</span>
</div>
</div>
<div id="tab1" class="tab">
<h2>Tests</h2>
<table>
<thead>
<tr>
<th>Test</th>
<th>Duration</th>
<th>Result</th>
</tr>
</thead>
<tr>
<td class="failures">checkRun</td>
<td>3.754s</td>
<td class="failures">failed</td>
</tr>
</table>
</div>
<div id="tab2" class="tab">
<h2>Standard output</h2>
<span class="code">
<pre>true
12:07:29.688 [Test worker] DEBUG org.gradle.tooling.GradleConnector - Connecting from tooling API consumer version 1.7
12:07:29.719 [Connection worker] DEBUG o.g.t.i.c.l.DefaultToolingImplementationLoader - Using tooling provider from Gradle distribution 'http://services.gradle.org/distributions/gradle-1.7-bin.zip'
12:07:29.720 [Connection worker] DEBUG o.g.t.i.c.l.DefaultToolingImplementationLoader - Using tooling provider classpath: [C:\Users\kevin.oneal\.gradle\wrapper\dists\gradle-1.7-bin\2g3i7gan25uopmtc0lnjb1l9ff\gradle-1.7\lib\ant-1.8.4.jar, C:\Users\kevin.oneal\.gradle\wrapper\dists\gradle-1.7-bin\2g3i7gan25uopmtc0lnjb1l9ff\gradle-1.7\lib\ant-launcher-1.8.4.jar, C:\Users\kevin.oneal\.gradle\wrapper\dists\gradle-1.7-bin\2g3i7gan25uopmtc0lnjb1l9ff\gradle-1.7\lib\asm-4.0.jar, C:\Users\kevin.oneal\.gradle\wrapper\dists\gradle-1.7-bin\2g3i7gan25uopmtc0lnjb1l9ff\gradle-1.7\lib\asm-all-4.0.jar, C:\Users\kevin.oneal\.gradle\wrapper\dists\gradle-1.7-bin\2g3i7gan25uopmtc0lnjb1l9ff\gradle-1.7\lib\commons-collections-3.2.1.jar, C:\Users\kevin.oneal\.gradle\wrapper\dists\gradle-1.7-bin\2g3i7gan25uopmtc0lnjb1l9ff\gradle-1.7\lib\commons-io-1.4.jar, C:\Users\kevin.oneal\.gradle\wrapper\dists\gradle-1.7-bin\2g3i7gan25uopmtc0lnjb1l9ff\gradle-1.7\lib\commons-lang-2.6.jar, C:\Users\kevin.oneal\.gradle\wrapper\dists\gradle-1.7-bin\2g3i7gan25uopmtc0lnjb1l9ff\gradle-1.7\lib\dom4j-1.6.1.jar, C:\Users\kevin.oneal\.gradle\wrapper\dists\gradle-1.7-bin\2g3i7gan25uopmtc0lnjb1l9ff\gradle-1.7\lib\gradle-base-services-1.7.jar, C:\Users\kevin.oneal\.gradle\wrapper\dists\gradle-1.7-bin\2g3i7gan25uopmtc0lnjb1l9ff\gradle-1.7\lib\gradle-base-services-groovy-1.7.jar, C:\Users\kevin.oneal\.gradle\wrapper\dists\gradle-1.7-bin\2g3i7gan25uopmtc0lnjb1l9ff\gradle-1.7\lib\gradle-cli-1.7.jar, C:\Users\kevin.oneal\.gradle\wrapper\dists\gradle-1.7-bin\2g3i7gan25uopmtc0lnjb1l9ff\gradle-1.7\lib\gradle-core-1.7.jar, C:\Users\kevin.oneal\.gradle\wrapper\dists\gradle-1.7-bin\2g3i7gan25uopmtc0lnjb1l9ff\gradle-1.7\lib\gradle-docs-1.7.jar, C:\Users\kevin.oneal\.gradle\wrapper\dists\gradle-1.7-bin\2g3i7gan25uopmtc0lnjb1l9ff\gradle-1.7\lib\gradle-launcher-1.7.jar, C:\Users\kevin.oneal\.gradle\wrapper\dists\gradle-1.7-bin\2g3i7gan25uopmtc0lnjb1l9ff\gradle-1.7\lib\gradle-messaging-1.7.jar, C:\Users\kevin.oneal\.gradle\wrapper\dists\gradle-1.7-bin\2g3i7gan25uopmtc0lnjb1l9ff\gradle-1.7\lib\gradle-native-1.7.jar, C:\Users\kevin.oneal\.gradle\wrapper\dists\gradle-1.7-bin\2g3i7gan25uopmtc0lnjb1l9ff\gradle-1.7\lib\gradle-open-api-1.7.jar, C:\Users\kevin.oneal\.gradle\wrapper\dists\gradle-1.7-bin\2g3i7gan25uopmtc0lnjb1l9ff\gradle-1.7\lib\gradle-tooling-api-1.7.jar, C:\Users\kevin.oneal\.gradle\wrapper\dists\gradle-1.7-bin\2g3i7gan25uopmtc0lnjb1l9ff\gradle-1.7\lib\gradle-ui-1.7.jar, C:\Users\kevin.oneal\.gradle\wrapper\dists\gradle-1.7-bin\2g3i7gan25uopmtc0lnjb1l9ff\gradle-1.7\lib\gradle-wrapper-1.7.jar, C:\Users\kevin.oneal\.gradle\wrapper\dists\gradle-1.7-bin\2g3i7gan25uopmtc0lnjb1l9ff\gradle-1.7\lib\groovy-all-1.8.6.jar, C:\Users\kevin.oneal\.gradle\wrapper\dists\gradle-1.7-bin\2g3i7gan25uopmtc0lnjb1l9ff\gradle-1.7\lib\guava-11.0.2.jar, C:\Users\kevin.oneal\.gradle\wrapper\dists\gradle-1.7-bin\2g3i7gan25uopmtc0lnjb1l9ff\gradle-1.7\lib\ivy-2.2.0.jar, C:\Users\kevin.oneal\.gradle\wrapper\dists\gradle-1.7-bin\2g3i7gan25uopmtc0lnjb1l9ff\gradle-1.7\lib\jansi-1.2.1.jar, C:\Users\kevin.oneal\.gradle\wrapper\dists\gradle-1.7-bin\2g3i7gan25uopmtc0lnjb1l9ff\gradle-1.7\lib\jarjar-1.3.jar, C:\Users\kevin.oneal\.gradle\wrapper\dists\gradle-1.7-bin\2g3i7gan25uopmtc0lnjb1l9ff\gradle-1.7\lib\javax.inject-1.jar, C:\Users\kevin.oneal\.gradle\wrapper\dists\gradle-1.7-bin\2g3i7gan25uopmtc0lnjb1l9ff\gradle-1.7\lib\jaxen-1.1.jar, C:\Users\kevin.oneal\.gradle\wrapper\dists\gradle-1.7-bin\2g3i7gan25uopmtc0lnjb1l9ff\gradle-1.7\lib\jcip-annotations-1.0.jar, C:\Users\kevin.oneal\.gradle\wrapper\dists\gradle-1.7-bin\2g3i7gan25uopmtc0lnjb1l9ff\gradle-1.7\lib\jcl-over-slf4j-1.7.2.jar, C:\Users\kevin.oneal\.gradle\wrapper\dists\gradle-1.7-bin\2g3i7gan25uopmtc0lnjb1l9ff\gradle-1.7\lib\jna-3.2.7.jar, C:\Users\kevin.oneal\.gradle\wrapper\dists\gradle-1.7-bin\2g3i7gan25uopmtc0lnjb1l9ff\gradle-1.7\lib\jna-posix-1.0.3.jar, C:\Users\kevin.oneal\.gradle\wrapper\dists\gradle-1.7-bin\2g3i7gan25uopmtc0lnjb1l9ff\gradle-1.7\lib\jsch-0.1.46.jar, C:\Users\kevin.oneal\.gradle\wrapper\dists\gradle-1.7-bin\2g3i7gan25uopmtc0lnjb1l9ff\gradle-1.7\lib\jul-to-slf4j-1.7.2.jar, C:\Users\kevin.oneal\.gradle\wrapper\dists\gradle-1.7-bin\2g3i7gan25uopmtc0lnjb1l9ff\gradle-1.7\lib\kryo-2.20.jar, C:\Users\kevin.oneal\.gradle\wrapper\dists\gradle-1.7-bin\2g3i7gan25uopmtc0lnjb1l9ff\gradle-1.7\lib\log4j-over-slf4j-1.7.2.jar, C:\Users\kevin.oneal\.gradle\wrapper\dists\gradle-1.7-bin\2g3i7gan25uopmtc0lnjb1l9ff\gradle-1.7\lib\logback-classic-1.0.9.jar, C:\Users\kevin.oneal\.gradle\wrapper\dists\gradle-1.7-bin\2g3i7gan25uopmtc0lnjb1l9ff\gradle-1.7\lib\logback-core-1.0.9.jar, C:\Users\kevin.oneal\.gradle\wrapper\dists\gradle-1.7-bin\2g3i7gan25uopmtc0lnjb1l9ff\gradle-1.7\lib\minlog-1.2.jar, C:\Users\kevin.oneal\.gradle\wrapper\dists\gradle-1.7-bin\2g3i7gan25uopmtc0lnjb1l9ff\gradle-1.7\lib\native-platform-0.3-rc-2.jar, C:\Users\kevin.oneal\.gradle\wrapper\dists\gradle-1.7-bin\2g3i7gan25uopmtc0lnjb1l9ff\gradle-1.7\lib\native-platform-linux-amd64-0.3-rc-2.jar, C:\Users\kevin.oneal\.gradle\wrapper\dists\gradle-1.7-bin\2g3i7gan25uopmtc0lnjb1l9ff\gradle-1.7\lib\native-platform-linux-i386-0.3-rc-2.jar, C:\Users\kevin.oneal\.gradle\wrapper\dists\gradle-1.7-bin\2g3i7gan25uopmtc0lnjb1l9ff\gradle-1.7\lib\native-platform-osx-universal-0.3-rc-2.jar, C:\Users\kevin.oneal\.gradle\wrapper\dists\gradle-1.7-bin\2g3i7gan25uopmtc0lnjb1l9ff\gradle-1.7\lib\native-platform-windows-amd64-0.3-rc-2.jar, C:\Users\kevin.oneal\.gradle\wrapper\dists\gradle-1.7-bin\2g3i7gan25uopmtc0lnjb1l9ff\gradle-1.7\lib\native-platform-windows-i386-0.3-rc-2.jar, C:\Users\kevin.oneal\.gradle\wrapper\dists\gradle-1.7-bin\2g3i7gan25uopmtc0lnjb1l9ff\gradle-1.7\lib\objenesis-1.2.jar, C:\Users\kevin.oneal\.gradle\wrapper\dists\gradle-1.7-bin\2g3i7gan25uopmtc0lnjb1l9ff\gradle-1.7\lib\reflectasm-1.07-shaded.jar, C:\Users\kevin.oneal\.gradle\wrapper\dists\gradle-1.7-bin\2g3i7gan25uopmtc0lnjb1l9ff\gradle-1.7\lib\slf4j-api-1.7.2.jar]
12:07:29.784 [Connection worker] DEBUG o.g.t.i.provider.DefaultConnection - Tooling API provider 1.7 created.
12:07:29.852 [Connection worker] DEBUG o.g.t.i.provider.ProviderConnection - Configuring logging to level: INFO
Tooling API uses target gradle version: 1.7.
Connected to the daemon. Dispatching Build{id=a1b8101d-e865-44bf-ab37-31346fb2672a.1, currentDir=C:\Users\kevin.oneal\projects\Integ\buildSrc} request.

BUILD FAILED

Total time: 2.053 secs
</pre>
</span>
</div>
<div id="tab3" class="tab">
<h2>Standard error</h2>
<span class="code">
<pre>
FAILURE: Build failed with an exception.

* What went wrong:
A problem occurred configuring root project 'buier'.
&gt; Could not resolve all dependencies for configuration ':classpath'.
   &gt; Could not find buildings:myMavenName:1.0.
     Required by:
         :buier:unspecified

* Try:
Run with --stacktrace option to get the stack trace. Run with --info or --debug option to get more log output.
</pre>
</span>
</div>
</div>
<div id="footer">
<p>Generated by 
<a href="http://www.gradle.org">Gradle 1.7</a> at Sep 11, 2013 12:07:31 PM</p>
</div>
</div>
</body>